<?xml version="1.0" encoding="UTF-8"?>
<!-- Generated by org.testng.reporters.JUnitReportReporter -->
<testsuite hostname="techizens-MacBook-Pro.local" failures="0" tests="1" name="Tests.RegistrationPage" time="0.116" errors="0" timestamp="2023-10-26T16:08:40 GMT-04:00" skipped="0">
  <testcase classname="Tests.RegistrationPage" name="EnterUserName" time="0.116"/>
</testsuite> <!-- Tests.RegistrationPage -->
